[    0.000000] Initializing cgroup subsys cpuset
[    0.000000] Initializing cgroup subsys cpu
[    0.000000] Initializing cgroup subsys cpuacct
[    0.000000] Linux version 4.4.0-194-generic (buildd@lcy01-amd64-020) (gcc version 5.4.0 20160609 (Ubuntu 5.4.0-6ubuntu1~16.04.12) ) #226-Ubuntu SMP Wed Oct 21 10:19:36 UTC 2020 (Ubuntu 4.4.0-194.226-generic 4.4.236)
[    0.000000] Command line: BOOT_IMAGE=/boot/vmlinuz-4.4.0-194-generic root=LABEL=cloudimg-rootfs ro console=tty1 console=ttyS0
[    0.000000] KERNEL supported cpus:
[    0.000000]   Intel GenuineIntel
[    0.000000]   AMD AuthenticAMD
[    0.000000]   Centaur CentaurHauls
[    0.000000] x86/fpu: xstate_offset[2]:  576, xstate_sizes[2]:  256
[    0.000000] x86/fpu: Supporting XSAVE feature 0x01: 'x87 floating point registers'
[    0.000000] x86/fpu: Supporting XSAVE feature 0x02: 'SSE registers'
[    0.000000] x86/fpu: Supporting XSAVE feature 0x04: 'AVX registers'
[    0.000000] x86/fpu: Enabled xstate features 0x7, context size is 832 bytes, using 'standard' format.
[    0.000000] e820: BIOS-provided physical RAM map:
[    0.000000] BIOS-e820: [mem 0x0000000000000000-0x000000000009fbff] usable
[    0.000000] BIOS-e820: [mem 0x000000000009fc00-0x000000000009ffff] reserved
[    0.000000] BIOS-e820: [mem 0x00000000000f0000-0x00000000000fffff] reserved
[    0.000000] BIOS-e820: [mem 0x0000000000100000-0x000000007ffeffff] usable
[    0.000000] BIOS-e820: [mem 0x000000007fff0000-0x000000007fffffff] ACPI data
[    0.000000] BIOS-e820: [mem 0x00000000fec00000-0x00000000fec00fff] reserved
[    0.000000] BIOS-e820: [mem 0x00000000fee00000-0x00000000fee00fff] reserved
[    0.000000] BIOS-e820: [mem 0x00000000fffc0000-0x00000000ffffffff] reserved
[    0.000000] NX (Execute Disable) protection: active
[    0.000000] SMBIOS 2.5 present.
[    0.000000] Hypervisor detected: KVM
[    0.000000] e820: last_pfn = 0x7fff0 max_arch_pfn = 0x400000000
[    0.000000] MTRR: Disabled
[    0.000000] x86/PAT: MTRRs disabled, skipping PAT initialization too.
[    0.000000] CPU MTRRs all blank - virtualized system.
[    0.000000] x86/PAT: Configuration [0-7]: WB  WT  UC- UC  WB  WT  UC- UC  
[    0.000000] found SMP MP-table at [mem 0x0009fff0-0x0009ffff] mapped at [ffff88000009fff0]
[    0.000000] Scanning 1 areas for low memory corruption
[    0.000000] RAMDISK: [mem 0x362dc000-0x37165fff]
[    0.000000] ACPI: Early table checksum verification disabled
[    0.000000] ACPI: RSDP 0x00000000000E0000 000024 (v02 VBOX  )
[    0.000000] ACPI: XSDT 0x000000007FFF0030 00003C (v01 VBOX   VBOXXSDT 00000001 ASL  00000061)
[    0.000000] ACPI: FACP 0x000000007FFF00F0 0000F4 (v04 VBOX   VBOXFACP 00000001 ASL  00000061)
[    0.000000] ACPI: DSDT 0x000000007FFF0470 002325 (v02 VBOX   VBOXBIOS 00000002 INTL 20100528)
[    0.000000] ACPI: FACS 0x000000007FFF0200 000040
[    0.000000] ACPI: FACS 0x000000007FFF0200 000040
[    0.000000] ACPI: APIC 0x000000007FFF0240 00005C (v02 VBOX   VBOXAPIC 00000001 ASL  00000061)
[    0.000000] ACPI: SSDT 0x000000007FFF02A0 0001CC (v01 VBOX   VBOXCPUT 00000002 INTL 20100528)
[    0.000000] No NUMA configuration found
[    0.000000] Faking a node at [mem 0x0000000000000000-0x000000007ffeffff]
[    0.000000] NODE_DATA(0) allocated [mem 0x7ffeb000-0x7ffeffff]
[    0.000000] kvm-clock: Using msrs 4b564d01 and 4b564d00
[    0.000000] kvm-clock: cpu 0, msr 0:7ffe3001, primary cpu clock
[    0.000000] kvm-clock: using sched offset of 3435640927 cycles
[    0.000000] clocksource: kvm-clock: mask: 0xffffffffffffffff max_cycles: 0x1cd42e4dffb, max_idle_ns: 881590591483 ns
[    0.000000] Zone ranges:
[    0.000000]   DMA      [mem 0x0000000000001000-0x0000000000ffffff]
[    0.000000]   DMA32    [mem 0x0000000001000000-0x000000007ffeffff]
[    0.000000]   Normal   empty
[    0.000000]   Device   empty
[    0.000000] Movable zone start for each node
[    0.000000] Early memory node ranges
[    0.000000]   node   0: [mem 0x0000000000001000-0x000000000009efff]
[    0.000000]   node   0: [mem 0x0000000000100000-0x000000007ffeffff]
[    0.000000] Initmem setup node 0 [mem 0x0000000000001000-0x000000007ffeffff]
[    0.000000] ACPI: PM-Timer IO Port: 0x4008
[    0.000000] IOAPIC[0]: apic_id 2, version 32, address 0xfec00000, GSI 0-23
[    0.000000] ACPI: INT_SRC_OVR (bus 0 bus_irq 0 global_irq 2 dfl dfl)
[    0.000000] ACPI: INT_SRC_OVR (bus 0 bus_irq 9 global_irq 9 low level)
[    0.000000] Using ACPI (MADT) for SMP configuration information
[    0.000000] smpboot: Allowing 2 CPUs, 0 hotplug CPUs
[    0.000000] PM: Registered nosave memory: [mem 0x00000000-0x00000fff]
[    0.000000] PM: Registered nosave memory: [mem 0x0009f000-0x0009ffff]
[    0.000000] PM: Registered nosave memory: [mem 0x000a0000-0x000effff]
[    0.000000] PM: Registered nosave memory: [mem 0x000f0000-0x000fffff]
[    0.000000] e820: [mem 0x80000000-0xfebfffff] available for PCI devices
[    0.000000] Booting paravirtualized kernel on KVM
[    0.000000] clocksource: refined-jiffies: mask: 0xffffffff max_cycles: 0xffffffff, max_idle_ns: 7645519600211568 ns
[    0.000000] setup_percpu: NR_CPUS:512 nr_cpumask_bits:512 nr_cpu_ids:2 nr_node_ids:1
[    0.000000] PERCPU: Embedded 33 pages/cpu @ffff88007fc00000 s95512 r8192 d31464 u1048576
[    0.000000] Built 1 zonelists in Node order, mobility grouping on.  Total pages: 515960
[    0.000000] Policy zone: DMA32
[    0.000000] Kernel command line: BOOT_IMAGE=/boot/vmlinuz-4.4.0-194-generic root=LABEL=cloudimg-rootfs ro console=tty1 console=ttyS0
[    0.000000] PID hash table entries: 4096 (order: 3, 32768 bytes)
[    0.000000] Memory: 2029848K/2096696K available (8640K kernel code, 1337K rwdata, 4040K rodata, 1492K init, 1296K bss, 66848K reserved, 0K cma-reserved)
[    0.000000] SLUB: HWalign=64, Order=0-3, MinObjects=0, CPUs=2, Nodes=1
[    0.000000] Kernel/User page tables isolation: enabled
[    0.000000] Hierarchical RCU implementation.
[    0.000000] 	Build-time adjustment of leaf fanout to 64.
[    0.000000] 	RCU restricting CPUs from NR_CPUS=512 to nr_cpu_ids=2.
[    0.000000] RCU: Adjusting geometry for rcu_fanout_leaf=64, nr_cpu_ids=2
[    0.000000] NR_IRQS:33024 nr_irqs:440 16
[    0.000000] Console: colour VGA+ 80x25
[    0.000000] console [tty1] enabled
[    0.000000] console [ttyS0] enabled
[    0.000000] tsc: Detected 1992.002 MHz processor
[    0.208737] Calibrating delay loop (skipped) preset value.. 3984.00 BogoMIPS (lpj=7968008)
[    0.214521] pid_max: default: 32768 minimum: 301
[    0.216547] ACPI: Core revision 20150930
[    0.220496] ACPI: 2 ACPI AML tables successfully acquired and loaded
[    0.224319] Security Framework initialized
[    0.226252] Yama: becoming mindful.
[    0.229225] AppArmor: AppArmor initialized
[    0.236990] Dentry cache hash table entries: 262144 (order: 9, 2097152 bytes)
[    0.239012] Inode-cache hash table entries: 131072 (order: 8, 1048576 bytes)
[    0.248010] Mount-cache hash table entries: 4096 (order: 3, 32768 bytes)
[    0.249483] Mountpoint-cache hash table entries: 4096 (order: 3, 32768 bytes)
[    0.251432] Initializing cgroup subsys io
[    0.252387] Initializing cgroup subsys memory
[    0.253483] Initializing cgroup subsys devices
[    0.254698] Initializing cgroup subsys freezer
[    0.255745] Initializing cgroup subsys net_cls
[    0.256758] Initializing cgroup subsys perf_event
[    0.257888] Initializing cgroup subsys net_prio
[    0.258909] Initializing cgroup subsys hugetlb
[    0.259989] Initializing cgroup subsys pids
[    0.262652] mce: CPU supports 0 MCE banks
[    0.263750] Last level iTLB entries: 4KB 64, 2MB 8, 4MB 8
[    0.265096] Last level dTLB entries: 4KB 64, 2MB 0, 4MB 0, 1GB 4
[    0.266403] Spectre V1 : Mitigation: usercopy/swapgs barriers and __user pointer sanitization
[    0.268452] Spectre V2 : Mitigation: Full generic retpoline
[    0.269686] Spectre V2 : Spectre v2 / SpectreRSB mitigation: Filling RSB on context switch
[    0.271748] Speculative Store Bypass: Vulnerable
[    0.273024] SRBDS: Unknown: Dependent on hypervisor status
[    0.275834] MDS: Mitigation: Clear CPU buffers
[    0.284943] Freeing SMP alternatives memory: 36K
[    0.297274] ftrace: allocating 32346 entries in 127 pages
[    0.364128] smpboot: APIC(0) Converting physical 0 to logical package 0
[    0.365588] smpboot: Max logical packages: 1
[    0.367369] x2apic enabled
[    0.368421] Switched APIC routing to physical x2apic.
[    0.370987] ..TIMER: vector=0x30 apic1=0 pin1=2 apic2=-1 pin2=-1
[    0.480386] smpboot: CPU0: Intel(R) Core(TM) i7-8550U CPU @ 1.80GHz (family: 0x6, model: 0x8e, stepping: 0xa)
[    0.482897] Performance Events: unsupported p6 CPU model 142 no PMU driver, software events only.
[    0.496207] KVM setup paravirtual spinlock
[    0.500516] x86: Booting SMP configuration:
[    0.501661] .... node  #0, CPUs:      #1
[    0.503005] kvm-clock: cpu 1, msr 0:7ffe3041, secondary cpu clock
[    0.505536] mce: CPU supports 0 MCE banks
[    0.508185] x86: Booted up 1 node, 2 CPUs
[    0.509455] smpboot: Total of 2 processors activated (7968.00 BogoMIPS)
[    0.511430] devtmpfs: initialized
[    0.514014] evm: security.selinux
[    0.514969] evm: security.SMACK64
[    0.516254] evm: security.SMACK64EXEC
[    0.517501] evm: security.SMACK64TRANSMUTE
[    0.518537] evm: security.SMACK64MMAP
[    0.519557] evm: security.ima
[    0.520607] evm: security.capability
[    0.521861] clocksource: jiffies: mask: 0xffffffff max_cycles: 0xffffffff, max_idle_ns: 7645041785100000 ns
[    0.524479] futex hash table entries: 512 (order: 3, 32768 bytes)
[    0.526310] pinctrl core: initialized pinctrl subsystem
[    0.527601] RTC time: 14:17:20, date: 11/14/20
[    0.529063] NET: Registered protocol family 16
[    0.543012] cpuidle: using governor ladder
[    0.554626] cpuidle: using governor menu
[    0.555765] PCCT header not found.
[    0.556773] ACPI: bus type PCI registered
[    0.557747] acpiphp: ACPI Hot Plug PCI Controller Driver version: 0.5
[    0.559212] PCI: Using configuration type 1 for base access
[    0.576481] ACPI: Added _OSI(Module Device)
[    0.577493] ACPI: Added _OSI(Processor Device)
[    0.578503] ACPI: Added _OSI(3.0 _SCP Extensions)
[    0.579556] ACPI: Added _OSI(Processor Aggregator Device)
[    0.581428] ACPI: Executed 1 blocks of module-level executable AML code
[    0.585141] ACPI: Interpreter enabled
[    0.586044] ACPI: (supports S0 S5)
[    0.586888] ACPI: Using IOAPIC for interrupt routing
[    0.588280] PCI: Using host bridge windows from ACPI; if necessary, use "pci=nocrs" and report a bug
[    0.599233] ACPI: PCI Root Bridge [PCI0] (domain 0000 [bus 00-ff])
[    0.600766] acpi PNP0A03:00: _OSC: OS supports [ASPM ClockPM Segments MSI]
[    0.602940] acpi PNP0A03:00: _OSC: not requesting OS control; OS requires [ExtendedConfig ASPM ClockPM MSI]
[    0.605264] acpi PNP0A03:00: fail to add MMCONFIG information, can't access extended PCI configuration space under this bridge.
[    0.608183] PCI host bridge to bus 0000:00
[    0.609165] pci_bus 0000:00: root bus resource [io  0x0000-0x0cf7 window]
[    0.610505] pci_bus 0000:00: root bus resource [io  0x0d00-0xffff window]
[    0.611819] pci_bus 0000:00: root bus resource [mem 0x000a0000-0x000bffff window]
[    0.613730] pci_bus 0000:00: root bus resource [mem 0x80000000-0xfdffffff window]
[    0.615692] pci_bus 0000:00: root bus resource [bus 00-ff]
[    0.620047] pci 0000:00:01.1: legacy IDE quirk: reg 0x10: [io  0x01f0-0x01f7]
[    0.621936] pci 0000:00:01.1: legacy IDE quirk: reg 0x14: [io  0x03f6]
[    0.623608] pci 0000:00:01.1: legacy IDE quirk: reg 0x18: [io  0x0170-0x0177]
[    0.639106] pci 0000:00:01.1: legacy IDE quirk: reg 0x1c: [io  0x0376]
[    0.670073] pci 0000:00:07.0: quirk: [io  0x4000-0x403f] claimed by PIIX4 ACPI
[    0.671776] pci 0000:00:07.0: quirk: [io  0x4100-0x410f] claimed by PIIX4 SMB
[    0.691563] ACPI: PCI Interrupt Link [LNKA] (IRQs 5 9 10 *11)
[    0.693686] ACPI: PCI Interrupt Link [LNKB] (IRQs 5 9 *10 11)
[    0.695642] ACPI: PCI Interrupt Link [LNKC] (IRQs 5 *9 10 11)
[    0.697639] ACPI: PCI Interrupt Link [LNKD] (IRQs 5 9 10 *11)
[    0.699513] ACPI: Enabled 2 GPEs in block 00 to 07
[    0.701187] vgaarb: setting as boot device: PCI:0000:00:02.0
[    0.702478] vgaarb: device added: PCI:0000:00:02.0,decodes=io+mem,owns=io+mem,locks=none
[    0.704304] vgaarb: loaded
[    0.705038] vgaarb: bridge control possible 0000:00:02.0
[    0.706449] SCSI subsystem initialized
[    0.707562] ACPI: bus type USB registered
[    0.708527] usbcore: registered new interface driver usbfs
[    0.709779] usbcore: registered new interface driver hub
[    0.710969] usbcore: registered new device driver usb
[    0.712683] PCI: Using ACPI for IRQ routing
[    0.713993] NetLabel: Initializing
[    0.714863] NetLabel:  domain hash size = 128
[    0.715887] NetLabel:  protocols = UNLABELED CIPSOv4
[    0.716965] NetLabel:  unlabeled traffic allowed by default
[    0.718471] amd_nb: Cannot enumerate AMD northbridges
[    0.719663] clocksource: Switched to clocksource kvm-clock
[    0.731789] AppArmor: AppArmor Filesystem Enabled
[    0.733108] pnp: PnP ACPI init
[    0.734835] pnp: PnP ACPI: found 3 devices
[    0.750858] clocksource: acpi_pm: mask: 0xffffff max_cycles: 0xffffff, max_idle_ns: 2085701024 ns
[    0.752993] NET: Registered protocol family 2
[    0.754327] TCP established hash table entries: 16384 (order: 5, 131072 bytes)
[    0.756080] TCP bind hash table entries: 16384 (order: 6, 262144 bytes)
[    0.757530] TCP: Hash tables configured (established 16384 bind 16384)
[    0.758866] UDP hash table entries: 1024 (order: 3, 32768 bytes)
[    0.760125] UDP-Lite hash table entries: 1024 (order: 3, 32768 bytes)
[    0.761484] NET: Registered protocol family 1
[    0.762490] pci 0000:00:00.0: Limiting direct PCI/PCI transfers
[    0.763798] pci 0000:00:01.0: Activating ISA DMA hang workarounds
[    0.765230] Unpacking initramfs...
[    0.997942] Freeing initrd memory: 14888K
[    0.999110] clocksource: tsc: mask: 0xffffffffffffffff max_cycles: 0x396d566cf43, max_idle_ns: 881590760263 ns
[    1.001490] platform rtc_cmos: registered platform RTC device (no PNP device found)
[    1.003370] Scanning for low memory corruption every 60 seconds
[    1.005622] audit: initializing netlink subsys (disabled)
[    1.006952] audit: type=2000 audit(1605363445.736:1): initialized
[    1.008598] Initialise system trusted keyring
[    1.010152] HugeTLB registered 2 MB page size, pre-allocated 0 pages
[    1.012820] zbud: loaded
[    1.014098] VFS: Disk quotas dquot_6.6.0
[    1.015140] VFS: Dquot-cache hash table entries: 512 (order 0, 4096 bytes)
[    1.016863] squashfs: version 4.0 (2009/01/31) Phillip Lougher
[    1.018509] fuse init (API version 7.23)
[    1.019717] Key type big_key registered
[    1.021009] Allocating IMA MOK and blacklist keyrings.
[    1.025300] Key type asymmetric registered
[    1.026440] Asymmetric key parser 'x509' registered
[    1.027596] Block layer SCSI generic (bsg) driver version 0.4 loaded (major 249)
[    1.029675] io scheduler noop registered
[    1.030659] io scheduler deadline registered (default)
[    1.031865] io scheduler cfq registered
[    1.032925] pci_hotplug: PCI Hot Plug PCI Core version: 0.5
[    1.034208] pciehp: PCI Express Hot Plug Controller Driver version: 0.4
[    1.035692] ACPI: AC Adapter [AC] (on-line)
[    1.036817] input: Power Button as /devices/LNXSYSTM:00/LNXPWRBN:00/input/input0
[    1.038547] ACPI: Power Button [PWRF]
[    1.039529] input: Sleep Button as /devices/LNXSYSTM:00/LNXSLPBN:00/input/input1
[    1.041546] ACPI: Sleep Button [SLPF]
[    1.042766] GHES: HEST is not enabled!
[    1.043784] ACPI: Battery Slot [BAT0] (battery present)
[    1.045347] Serial: 8250/16550 driver, 32 ports, IRQ sharing enabled
[    1.067649] 00:02: ttyS0 at I/O 0x3f8 (irq = 4, base_baud = 115200) is a 16550A
[    1.072987] Linux agpgart interface v0.103
[    1.079704] loop: module loaded
[    1.081222] scsi host0: ata_piix
[    1.082351] scsi host1: ata_piix
[    1.083172] ata1: PATA max UDMA/33 cmd 0x1f0 ctl 0x3f6 bmdma 0xd000 irq 14
[    1.084523] ata2: PATA max UDMA/33 cmd 0x170 ctl 0x376 bmdma 0xd008 irq 15
[    1.086336] libphy: Fixed MDIO Bus: probed
[    1.087461] tun: Universal TUN/TAP device driver, 1.6
[    1.088696] tun: (C) 1999-2004 Max Krasnyansky <maxk@qualcomm.com>
[    1.090187] PPP generic driver version 2.4.2
[    1.091536] ehci_hcd: USB 2.0 'Enhanced' Host Controller (EHCI) Driver
[    1.092960] ehci-pci: EHCI PCI platform driver
[    1.094090] ehci-platform: EHCI generic platform driver
[    1.095209] ohci_hcd: USB 1.1 'Open' Host Controller (OHCI) Driver
[    1.096826] ohci-pci: OHCI PCI platform driver
[    1.097932] ohci-platform: OHCI generic platform driver
[    1.099311] uhci_hcd: USB Universal Host Controller Interface driver
[    1.100711] i8042: PNP: PS/2 Controller [PNP0303:PS2K,PNP0f03:PS2M] at 0x60,0x64 irq 1,12
[    1.103154] serio: i8042 KBD port at 0x60,0x64 irq 1
[    1.104656] serio: i8042 AUX port at 0x60,0x64 irq 12
[    1.106237] mousedev: PS/2 mouse device common for all mice
[    1.108181] input: AT Translated Set 2 keyboard as /devices/platform/i8042/serio0/input/input2
[    1.110907] rtc_cmos rtc_cmos: rtc core: registered rtc_cmos as rtc0
[    1.112331] rtc_cmos rtc_cmos: alarms up to one day, 114 bytes nvram
[    1.113684] i2c /dev entries driver
[    1.114600] device-mapper: uevent: version 1.0.3
[    1.115807] device-mapper: ioctl: 4.34.0-ioctl (2015-10-28) initialised: dm-devel@redhat.com
[    1.117791] ledtrig-cpu: registered to indicate activity on CPUs
[    1.119597] NET: Registered protocol family 10
[    1.120838] NET: Registered protocol family 17
[    1.121896] Key type dns_resolver registered
[    1.123379] registered taskstats version 1
[    1.124444] Loading compiled-in X.509 certificates
[    1.126076] Loaded X.509 cert 'Build time autogenerated kernel key: 12717d7bded22cc9f4c9021cf049cb5c0a2cb7b0'
[    1.128184] zswap: loaded using pool lzo/zbud
[    1.131761] Key type trusted registered
[    1.136322] Key type encrypted registered
[    1.137617] AppArmor: AppArmor sha1 policy hashing enabled
[    1.139012] ima: No TPM chip found, activating TPM-bypass!
[    1.140178] ima: Allocated hash algorithm: sha1
[    1.141238] evm: HMAC attrs: 0x1
[    1.142525]   Magic number: 12:287:283
[    1.143574] rtc_cmos rtc_cmos: setting system clock to 2020-11-14 14:17:21 UTC (1605363441)
[    1.145544] BIOS EDD facility v0.16 2004-Jun-25, 0 devices found
[    1.146729] EDD information not available.
[    1.266889] Freeing unused kernel memory: 1492K
[    1.268232] Write protecting the kernel read-only data: 14336k
[    1.270329] Freeing unused kernel memory: 1588K
[    1.271793] Freeing unused kernel memory: 56K
Loading, please wait...
starting version 229
[    1.287348] random: systemd-udevd: uninitialized urandom read (16 bytes read, 3 bits of entropy available)
[    1.287871] random: udevadm: uninitialized urandom read (16 bytes read, 3 bits of entropy available)
[    1.287890] random: udevadm: uninitialized urandom read (16 bytes read, 3 bits of entropy available)
[    1.293985] random: systemd-udevd: uninitialized urandom read (16 bytes read, 3 bits of entropy available)
[    1.296122] random: systemd-udevd: uninitialized urandom read (16 bytes read, 3 bits of entropy available)
[    1.296569] random: udevadm: uninitialized urandom read (16 bytes read, 3 bits of entropy available)
[    1.296608] random: udevadm: uninitialized urandom read (16 bytes read, 3 bits of entropy available)
[    1.296764] random: udevadm: uninitialized urandom read (16 bytes read, 3 bits of entropy available)
[    1.296845] random: udevadm: uninitialized urandom read (16 bytes read, 3 bits of entropy available)
[    1.296915] random: udevadm: uninitialized urandom read (16 bytes read, 3 bits of entropy available)
[    1.345679] e1000: Intel(R) PRO/1000 Network Driver - version 7.3.21-k8-NAPI
[    1.347103] e1000: Copyright (c) 1999-2006 Intel Corporation.
[    1.350499] Fusion MPT base driver 3.04.20
[    1.351535] Copyright (c) 1999-2008 LSI Corporation
[    1.358671] Fusion MPT SPI Host driver 3.04.20
[    1.366863] AVX2 version of gcm_enc/dec engaged.
[    1.367929] AES CTR mode by8 optimization enabled
[    1.553183] input: ImExPS/2 Generic Explorer Mouse as /devices/platform/i8042/serio1/input/input4
[    1.745926] e1000 0000:00:03.0 eth0: (PCI:33MHz:32-bit) 02:8e:80:a0:ee:2f
[    1.747334] e1000 0000:00:03.0 eth0: Intel(R) PRO/1000 Network Connection
[    1.749615] mptbase: ioc0: Initiating bringup
[    1.812414] ioc0: LSI53C1030 A0: Capabilities={Initiator}
[    1.975333] scsi host2: ioc0: LSI53C1030 A0, FwRev=00000000h, Ports=1, MaxQ=256, IRQ=20
[    2.093651] scsi 2:0:0:0: Direct-Access     VBOX     HARDDISK         1.0  PQ: 0 ANSI: 5
[    2.095530] scsi target2:0:0: Beginning Domain Validation
[    2.098320] scsi target2:0:0: Domain Validation skipping write tests
[    2.099663] scsi target2:0:0: Ending Domain Validation
[    2.100946] scsi target2:0:0: asynchronous
[    2.102983] scsi 2:0:1:0: Direct-Access     VBOX     HARDDISK         1.0  PQ: 0 ANSI: 5
[    2.104846] scsi target2:0:1: Beginning Domain Validation
[    2.107295] scsi target2:0:1: Domain Validation skipping write tests
[    2.108802] scsi target2:0:1: Ending Domain Validation
[    2.122397] scsi target2:0:1: asynchronous
[    2.140947] sd 2:0:0:0: Attached scsi generic sg0 type 0
[    2.142745] sd 2:0:0:0: [sda] 20971520 512-byte logical blocks: (10.7 GB/10.0 GiB)
[    2.145678] sd 2:0:1:0: Attached scsi generic sg1 type 0
[    2.148407] sd 2:0:0:0: [sda] Write Protect is off
[    2.150326] sd 2:0:1:0: [sdb] 20480 512-byte logical blocks: (10.5 MB/10.0 MiB)
[    2.153766] sd 2:0:0:0: [sda] Incomplete mode parameter data
[    2.155791] sd 2:0:0:0: [sda] Assuming drive cache: write through
[    2.157755] sd 2:0:1:0: [sdb] Write Protect is off
[    2.159847] sd 2:0:1:0: [sdb] Incomplete mode parameter data
[    2.161451] sd 2:0:1:0: [sdb] Assuming drive cache: write through
[    2.168035]  sda: sda1
[    2.170047] sd 2:0:0:0: [sda] Attached SCSI disk
[    2.172397] sd 2:0:1:0: [sdb] Attached SCSI disk
[    2.472702] e1000 0000:00:08.0 eth1: (PCI:33MHz:32-bit) 08:00:27:9a:c4:93
[    2.474403] e1000 0000:00:08.0 eth1: Intel(R) PRO/1000 Network Connection
[    2.476873] e1000 0000:00:03.0 enp0s3: renamed from eth0
[    2.488353] e1000 0000:00:08.0 enp0s8: renamed from eth1
Begin: Loading essential drivers ... [    3.958741] md: linear personality registered for level -1
[    3.962149] md: multipath personality registered for level -4
[    3.965358] md: raid0 personality registered for level 0
[    3.969923] md: raid1 personality registered for level 1
[    4.040469] raid6: sse2x1   gen()  9917 MB/s
[    4.107776] raid6: sse2x1   xor()  7861 MB/s
[    4.176081] raid6: sse2x2   gen() 14522 MB/s
[    4.244005] raid6: sse2x2   xor()  9979 MB/s
[    4.311870] raid6: sse2x4   gen() 16837 MB/s
[    4.379697] raid6: sse2x4   xor() 10628 MB/s
[    4.447915] raid6: avx2x1   gen() 21830 MB/s
[    4.516282] raid6: avx2x2   gen() 27597 MB/s
[    4.583691] raid6: avx2x4   gen() 27901 MB/s
[    4.584762] raid6: using algorithm avx2x4 gen() 27901 MB/s
[    4.585933] raid6: using avx2x2 recovery algorithm
[    4.592044] xor: automatically using best checksumming function:
[    4.632006]    avx       : 25802.000 MB/sec
[    4.634393] async_tx: api initialized (async)
[    4.644653] md: raid6 personality registered for level 6
[    4.645831] md: raid5 personality registered for level 5
[    4.647505] md: raid4 personality registered for level 4
[    4.654408] md: raid10 personality registered for level 10
done.
Begin: Running /scripts/init-premount ... done.
Begin: Mounting root file system ... Begin: Running /scripts/local-top ... done.
Begin: Running /scripts/local-premount ... [    4.685547] Btrfs loaded
Scanning for Btrfs filesystems
done.
Warning: fsck not present, so skipping root file system
[    4.715864] EXT4-fs (sda1): mounted filesystem with ordered data mode. Opts: (null)
done.
Begin: Running /scripts/local-bottom ... done.
Begin: Running /scripts/init-bottom ... done.
[    4.796002] systemd[1]: systemd 229 running in system mode. (+PAM +AUDIT +SELINUX +IMA +APPARMOR +SMACK +SYSVINIT +UTMP +LIBCRYPTSETUP +GCRYPT +GNUTLS +ACL +XZ -LZ4 +SECCOMP +BLKID +ELFUTILS +KMOD -IDN)
[    4.799775] systemd[1]: Detected virtualization oracle.
[    4.800936] systemd[1]: Detected architecture x86-64.

Welcome to [1mUbuntu 16.04.7 LTS[0m!

[    4.805133] systemd[1]: Set hostname to <ubuntu>.
[    4.809745] systemd[1]: Initializing machine ID from random generator.
[    4.811331] systemd[1]: Installed transient /etc/machine-id file.
[    4.926553] systemd[1]: Listening on udev Kernel Socket.
[[0;32m  OK  [0m] Listening on udev Kernel Socket.
[    4.936519] systemd[1]: Listening on Journal Socket.
[[0;32m  OK  [0m] Listening on Journal Socket.
[    4.944633] systemd[1]: Listening on LVM2 metadata daemon socket.
[[0;32m  OK  [0m] Listening on LVM2 metadata daemon socket.
[    4.952653] systemd[1]: Created slice System Slice.
[[0;32m  OK  [0m] Created slice System Slice.
[    4.976359] systemd[1]: Starting Nameserver information manager...
         Starting Nameserver information manager...
[    4.990796] systemd[1]: Starting Remount Root and Kernel File Systems...
         Starting Remount Root and Kernel File Systems...
[    5.000219] EXT4-fs (sda1): re-mounted. Opts: (null)
[    5.020244] systemd[1]: Starting Load Kernel Modules...
         Starting Load Kernel Modules...
[    5.022507] systemd[1]: Set up automount Arbitrary Executable File Formats File System Automount Point.
[[0;32m  OK  [0m] Set up automount Arbitrary Executab...ats File System Automount Point.
[    5.027594] systemd[1]: Starting Uncomplicated firewall...
         Starting Uncomplicated firewall...
[    5.029652] systemd[1]: Reached target System Time Synchronized.
[[    5.031192] Loading iSCSI transport class v2.0-870.
[0;32m  OK  [0m] Reached target System Time Synchronized.
[    5.033290] systemd[1]: Listening on udev Control Socket.
[[0;32m  OK  [0m] Listening on udev Control Socket.
[    5.035686] systemd[1]: Listening on Journal Socket (/dev/log).
[[0;32m  OK  [0m] Listening on Journal Socket (/dev/log).
[    5.038427] systemd[1]: Listening on Device-mapper event daemon FIFOs.
[[0;32m  OK  [0m] Listening on Device-mapper event daemon FIFOs.
[    5.041676] iscsi: registered transport (tcp)
[    5.048401] systemd[1]: Created slice User and Session Slice.
[[0;32m  OK  [0m] Created slice User and Session Slice.
[    5.055925] systemd[1]: Reached target Slices.
[[0;32m  OK  [0m] Reached target Slices.
[    5.058152] systemd[1]: Listening on /dev/initctl Compatibility Named Pipe.
[[0;32m  OK  [0m] Listening on /dev/initctl Compatibility Named Pipe.
[    5.060537] systemd[1]: Reached target Swap.
[[0;32m  OK  [0m] Reached target Swap.
[    5.062432] systemd[1]: Listening on LVM2 poll daemon socket.
[[0;32m  OK  [0m] Listening on LVM2 poll daemon socket.
[    5.068915] iscsi: registered transport (iser)
[    5.084471] systemd[1]: Mounting Huge Pages File System...
         Mounting Huge Pages File System...
[    5.086481] systemd[1]: Reached target User and Group Name Lookups.
[[0;32m  OK  [0m] Reached target User and Group Name Lookups.
[    5.089733] systemd[1]: Starting Monitoring of LVM2 mirrors, snapshots etc. using dmeventd or progress polling...
         Starting Monitoring of LVM2 mirrors... dmeventd or progress polling...
[    5.103204] systemd[1]: Mounting Debug File System...
         Mounting Debug File System...
[    5.106800] systemd[1]: Starting Set console keymap...
         Starting Set console keymap...
[    5.124038] systemd[1]: Mounting POSIX Message Queue File System...
         Mounting POSIX Message Queue File System...
[    5.126252] systemd[1]: Listening on Journal Audit Socket.
[[0;32m  OK  [0m] Listening on Journal Audit Socket.
[    5.128153] systemd[1]: Started Forward Password Requests to Wall Directory Watch.
[[0;32m  OK  [0m] Started Forward Password Requests to Wall Directory Watch.
[    5.136237] systemd[1]: Started Trigger resolvconf update for networkd DNS.
[[0;32m  OK  [0m] Started Trigger resolvconf update for networkd DNS.
[    5.139077] systemd[1]: Starting Create list of required static device nodes for the current kernel...
         Starting Create list of required st... nodes for the current kernel...
[    5.142097] systemd[1]: Listening on Syslog Socket.
[[0;32m  OK  [0m] Listening on Syslog Socket.
[    5.144442] systemd[1]: Starting Journal Service...
         Starting Journal Service...
[    5.146911] systemd[1]: Reached target Encrypted Volumes.
[[0;32m  OK  [0m] Reached target Encrypted Volumes.
[    5.150542] systemd[1]: Created slice system-serial\x2dgetty.slice.
[[0;32m  OK  [0m] Created slice system-serial\x2dgetty.slice.
[    5.158219] systemd[1]: Mounted POSIX Message Queue File System.
[[0;32m  OK  [0m] Mounted POSIX Message Queue File System.
[    5.160696] systemd[1]: Mounted Huge Pages File System.
[[0;32m  OK  [0m] Mounted Huge Pages File System.
[    5.168444] systemd[1]: Mounted Debug File System.
[[0;32m  OK  [0m] Mounted Debug File System.
[    5.180487] systemd[1]: Started Remount Root and Kernel File Systems.
[[0;32m  OK  [0m] Started Remount Root and Kernel File Systems.
[    5.188438] systemd[1]: Started Load Kernel Modules.
[[0;32m  OK  [0m] Started Load Kernel Modules.
[    5.197032] systemd[1]: Started Uncomplicated firewall.
[[0;32m  OK  [0m] Started Uncomplicated firewall.
[    5.199740] systemd[1]: Started Set console keymap.
[[0;32m  OK  [0m] Started Set console keymap.
[    5.202121] systemd[1]: Started Create list of required static device nodes for the current kernel.
[[0;32m  OK  [0m] Started Create list of required sta...ce nodes for the current kernel.
[    5.216825] systemd[1]: Started Nameserver information manager.
[[0;32m  OK  [0m] Started Nameserver information manager.
[    5.220965] systemd[1]: Started Journal Service.
[[0;32m  OK  [0m] Started Journal Service.
[[0;32m  OK  [0m] Started LVM2 metadata daemon.
         Starting Create Static Device Nodes in /dev...
         Mounting FUSE Control File System...
         Starting Apply Kernel Variables...
         Starting udev Coldplug all Devices...
         Starting Flush Journal to Persistent Storage...
         Starting Load/Save Random Seed...
[[0;32m  OK  [0m] Mounted FUSE Control File System.
[[0;32m  OK  [0m] Started Apply Kernel Variables.
[[0;32m  OK  [0m] Started Load/Save Random Seed.
[[0;32m  OK  [0m] Started Create Static Device Nodes in /dev.
         Starting udev Kernel Device Manager...
[[0;32m  OK  [0m] Started Flush Journal to Persistent Storage.
[[0;32m  OK  [0m] Started udev Kernel Device Manager.
[[0;32m  OK  [0m] Started udev Coldplug all Devices.
[[0;32m  OK  [0m] Started Dispatch Password Requests to Console Directory Watch.
[[0;32m  OK  [0m] Found device /dev/ttyS0.
[[0;32m  OK  [0m] Listening on Load/Save RF Kill Switch Status /dev/rfkill Watch.
[[0;32m  OK  [0m] Started Monitoring of LVM2 mirrors,...ng dmeventd or progress polling.
[[0;32m  OK  [0m] Reached target Local File Systems (Pre).
[[0;32m  OK  [0m] Reached target Local File Systems.
         Starting LSB: AppArmor initialization...
         Starting Set console font and keymap...
         Starting Commit a transient machine-id on disk...
         Starting Create Volatile Files and Directories...
         Starting Initial cloud-init job (pre-networking)...
         Starting Tell Plymouth To Write Out Runtime Data...
[[0;32m  OK  [0m] Started Create Volatile Files and Directories.
[[0;32m  OK  [0m] Started Tell Plymouth To Write Out Runtime Data.
         Starting Update UTMP about System Boot/Shutdown...
[[0;32m  OK  [0m] Started Commit a transient machine-id on disk.
[[0;32m  OK  [0m] Started Update UTMP about System Boot/Shutdown.
[[0;32m  OK  [0m] Started Set console font and keymap.
[[0;32m  OK  [0m] Created slice system-getty.slice.
[    7.150100] cloud-init[631]: Cloud-init v. 20.3-2-g371b392c-0ubuntu1~16.04.1 running 'init-local' at Sat, 14 Nov 2020 14:17:27 +0000. Up 6.72 seconds.
[[0;32m  OK  [0m] Started Initial cloud-init job (pre-networking).
[[0;32m  OK  [0m] Reached target Network (Pre).
[[0;32m  OK  [0m] Started LSB: AppArmor initialization.
         Starting Load AppArmor profiles managed internally by snapd...
         Starting Raise network interfaces...
[[0;32m  OK  [0m] Started Load AppArmor profiles managed internally by snapd.
[[0;32m  OK  [0m] Started Raise network interfaces.
[[0;32m  OK  [0m] Reached target Network.
         Starting Initial cloud-init job (metadata service crawler)...
[    8.830133] cloud-init[954]: Cloud-init v. 20.3-2-g371b392c-0ubuntu1~16.04.1 running 'init' at Sat, 14 Nov 2020 14:17:28 +0000. Up 8.19 seconds.
[    8.836346] cloud-init[954]: ci-info: ++++++++++++++++++++++++++++++++++++++Net device info+++++++++++++++++++++++++++++++++++++++
[    8.837895] cloud-init[954]: ci-info: +--------+-------+----------------------------+---------------+--------+-------------------+
[    8.839291] cloud-init[954]: ci-info: | Device |   Up  |          Address           |      Mask     | Scope  |     Hw-Address    |
[    8.845100] cloud-init[954]: ci-info: +--------+-------+----------------------------+---------------+--------+-------------------+
[    8.846520] cloud-init[954]: ci-info: | enp0s3 |  True |         10.0.2.15          | 255.255.255.0 | global | 02:8e:80:a0:ee:2f |
[    8.847847] cloud-init[954]: ci-info: | enp0s3 |  True | fe80::8e:80ff:fea0:ee2f/64 |       .       |  link  | 02:8e:80:a0:ee:2f |
[    8.849353] cloud-init[954]: ci-info: | enp0s8 | False |             .              |       .       |   .    | 08:00:27:9a:c4:93 |
[    8.850737] cloud-init[954]: ci-info: |   lo   |  True |         127.0.0.1          |   255.0.0.0   |  host  |         .         |
[    8.852133] cloud-init[954]: ci-info: |   lo   |  True |          ::1/128           |       .       |  host  |         .         |
[    8.853613] cloud-init[954]: ci-info: +--------+-------+----------------------------+---------------+--------+-------------------+
[    8.855149] cloud-init[954]: ci-info: +++++++++++++++++++++++++++Route IPv4 info++++++++++++++++++++++++++++
[    8.864646] cloud-init[954]: ci-info: +-------+-------------+----------+---------------+-----------+-------+
[    8.866015] cloud-init[954]: ci-info: | Route | Destination | Gateway  |    Genmask    | Interface | Flags |
[    8.872526] cloud-init[954]: ci-info: +-------+-------------+----------+---------------+-----------+-------+
[    8.873880] cloud-init[954]: ci-info: |   0   |   0.0.0.0   | 10.0.2.2 |    0.0.0.0    |   enp0s3  |   UG  |
[    8.880320] cloud-init[954]: ci-info: |   1   |   10.0.2.0  | 0.0.0.0  | 255.255.255.0 |   enp0s3  |   U   |
[    8.881436] cloud-init[954]: ci-info: +-------+-------------+----------+---------------+-----------+-------+
[    8.888632] cloud-init[954]: ci-info: +++++++++++++++++++Route IPv6 info+++++++++++++++++++
[[0;32m  OK  [0m] Started Initial cloud-init job (metadata service crawler).
[    8.888857] cloud-init[954]: ci-info: +-------+-------------+---------+-----------+-------+
[[0;32m  OK  [0m] Reached target System Initialization.
[    8.890216] cloud-init[954]: ci-info: | Route | Destination | Gateway | Interface | Flags |
[    8.900639] cloud-init[954]: ci-info: +-------+-------------+---------+-----------+-------+
[    8.900879] cloud-init[954]: ci-info: |   0   |  fe80::/64  |    ::   |   enp0s3  |   U   |
         Starting Socket activation for snappy daemon.
[    8.900942] cloud-init[954]: ci-info: |   3   |   ff00::/8  |    ::   |   enp0s3  |   U   |
[    8.916731] cloud-init[954]: ci-info: +-------+-------------+---------+-----------+-------+
[[0;32m  OK  [0m] Started ACPI Events Check.
[[    8.917035] [0;32m  OK  [0mcloud-init] [954]: Reached target Paths.Generating public/private rsa key pair.

[    8.919715] cloud-init[954]: Your identification has been saved in /etc/ssh/ssh_host_rsa_key.
[    8.919947] [cloud-init[0;32m  OK  [0m[954]: ] Your public key has been saved in /etc/ssh/ssh_host_rsa_key.pub.Listening on ACPID Listen Socket.

[    8.920055] cloud-init[954]: The key fingerprint is:
[    8.932341] cloud-init[954]: SHA256:9nJne0GloH8IPPHkqTyTE/3sdkHL3gKDH64BCshH71c root@ubuntu-xenial
[    8.932630]          cloud-initStarting LXD - unix socket.[954]: 
The key's randomart image is:
[    8.932695] cloud-init[954]: +---[RSA 2048]----+
[    8.934564] cloud-init[954]: |                 |
[    8.934851] cloud-init[954]: |          . o   .|
[    8.935088] cloud-init[954]: |    .    . B o o |
[    8.935299] cloud-init[954]: | . o .    * = o. |
[    8.935513] cloud-init[954]: |  o o . S.EO =o .|
[    8.935827] cloud-init[954]: |   . o o +O * =+ |
[    8.936003] cloud-init[954]: |      o o +*o*..o|
[    8.936259] cloud-init[954]: |       . o +o.=.o|
[    8.936563] cloud-init[954]: |          ...o o |
[    8.936743] cloud-init[954]: +----[SHA256]-----+
[    8.936953] cloud-init[954]: Generating public/private dsa key pair.
[    8.937139] cloud-init[954]: Your identification has been saved in /etc/ssh/ssh_host_dsa_key.
[    8.937326] cloud-init[954]: Your public key has been saved in /etc/ssh/ssh_host_dsa_key.pub.
[[0;32m  OK  [0m] Started Daily apt download activities.
[    8.937557] cloud-init[954]: The key fingerprint is:
[    8.941302] cloud-init[954]: SHA256:qpITY3hjIWUX4IviVSXvV19+jjctit4zmshQLReo8xg root@ubuntu-xenial
[    8.941585] cloud-init[954]: The key's randomart image is:
[    8.941784] cloud-init[954]: +---[DSA 1024]----+
[    8.941994] cloud-init[954]: |  ...o .         |
[    8.942198] cloud-init[954]: | .o . +  .       |
[    8.942543] cloud-init[954]: | o.. . .. ..   . |
[    8.942712] cloud-init[954]: |..... .. .... o  |
[    8.942943] cloud-init[954]: |oo.o  E.S.o  . ..|
[    8.943130] cloud-init[954]: |+ O    B.o     oo|
[    8.943424] cloud-init[954]: | = =  + .     o.+|
[    8.943602] cloud-init[954]: |  +  . o . +o. o.|
[    8.943838] cloud-init[954]: |   o.   o.=.oo   |
[[0;32m  OK  [0m] Started Message of the Day.
[[    8.944128] [0;32m  OK  [0mcloud-init] [954]: Started Daily Cleanup of Temporary Directories.+----[SHA256]-----+

[    8.953540] cloud-init[954]: Generating public/private ecdsa key pair.
[    8.954376] cloud-init[954]: Your identification has been saved in /etc/ssh/ssh_host_ecdsa_key.
[    9.109870] cloud-init[954]: Your public key has been saved in /etc/ssh/ssh_host_ecdsa_key.pub.
[    9.112431] cloud-init[954]: The key fingerprint is:
[    9.114021] cloud-init[954]: SHA256:zq/aEQ1jbuRsY773XHInwfenktrHDskB68ewD78dBi4 root@ubuntu-xenial
[    9.116486] cloud-init[954]: The key's randomart image is:
[    9.118222] cloud-init[954]: +---[ECDSA 256]---+
[    9.119895] cloud-init[954]: |                 |
[    9.121579] cloud-init[954]: |                 |
[    9.123312] cloud-init[954]: [[0;32m  OK  [0m] Listening on D-Bus System Message Bus Socket.
[[0;32m  OK  [0m] Started Daily apt upgrade and clean activities.
[[0;32m  OK  [0m] Reached target Timers.
|        = .      |
[    9.265701] cloud-init[954]: |       * + o .   |
[    9.288514] cloud-init[954]: |        S + o o .|
[[0;32m  OK  [0m] Listening on UUID daemon activation socket.
[[0;32m  OK  [0m] Reached target Network is Online.
[    9.289998] cloud-init[954]: |       B + * + o.|
[    9.292372] cloud-init[954]: |        = E Oo* +|
[    9.301354] cloud-init[954]: |       . +.OoBo=.|
[    9.302190] cloud-init[954]: |      ..+oooB=+  |
[    9.308320] cloud-init[954]: +----[SHA256]-----+
         Starting iSCSI initiator daemon (iscsid)...
[[0;32m  OK  [0m] Reached target Cloud-config availability.
[[0;32m  OK  [0m] Listening on Socket activation for snappy daemon.
[[0;32m  OK  [0m] Listening on LXD - unix socket.
[    9.311746] cloud-init[954]: Generating public/private ed25519 key pair.
[    9.325560] cloud-init[954]: Your identification has been saved in /etc/ssh/ssh_host_ed25519_key.
[    9.327749] cloud-init[954]: Your public key has been saved in /etc/ssh/ssh_host_ed25519_key.pub.
[    9.328860] cloud-init[954]: The key fingerprint is:
[    9.338865] cloud-init[954]: SHA256:HH0JWKyilXbgop/xl1MStLFx5I7JQFaI0VVSsy7edHM root@ubuntu-xenial
[[    9.344178] cloud-init[954]: The key's randomart image is:
[    9.345034] cloud-init[954]: +--[ED25519 256]--+
[    9.345592] cloud-init[954]: |    .+o++BB      |
[0;32m  OK  [0m] Reached target Sockets.
[[0;32m  OK  [0m] Reached target Basic System.
[    9.347692] cloud-init[954]: |    .o+ =+o+ .   |
[[    9.348661] [0;32m  OK  [0mcloud-init] [954]: Started ACPI event daemon.|     ..+.B+ o    |

[    9.348733] cloud-init[954]: |    . *+** .     |
[    9.350774] cloud-init[954]: |   . = oS.+ o E  |
[    9.350981] cloud-init[954]: |  . o  ..+.. o   |
[    9.351223] cloud-init[954]: |   . +  .+.      |
         Starting LXD - container startup/shutdown...
[    9.351276] cloud-init[954]: |    o . +        |
[    9.353108] cloud-init[954]: |       . .       |
[    9.353937] cloud-init[954]: +----[SHA256]-----+
         Starting System Logging Service...
         Starting /etc/rc.local Compatibility...
         Starting LSB: MD monitoring daemon...
[[0;32m  OK  [0m] Started Regular background program processing daemon.
         Starting Virtualbox guest utils...
         Starting Login Service...
[[0;32m  OK  [0m] Started D-Bus System Message Bus.
         Starting Pollinate to seed the pseudo random number generator...
         Starting Accounts Service...
[[0;32m  OK  [0m] Started FUSE filesystem for LXC.
         Starting LSB: Record successful boot for GRUB...
[[0;32m  OK  [0m] Started Deferred execution scheduler.
         Starting Snap Daemon...
[[0;32m  OK  [0m] Started System Logging Service.
[[0;32m  OK  [0m] Started iSCSI initiator daemon (iscsid).
[[0;32m  OK  [0m] Started /etc/rc.local Compatibility.
         Starting Login to default iSCSI targets...
[[0;32m  OK  [0m] Started Login Service.
[[0;32m  OK  [0m] Started Unattended Upgrades Shutdown.
[[0;32m  OK  [0m] Started LXD - container startup/shutdown.
[[0;32m  OK  [0m] Started LSB: MD monitoring daemon.
[[0;32m  OK  [0m] Started Login to default iSCSI targets.
[[0;32m  OK  [0m] Started LSB: Record successful boot for GRUB.
         Starting Authenticate and Authorize Users to Run Privileged Tasks...
[[0;32m  OK  [0m] Reached target Remote File Systems (Pre).
[[0;32m  OK  [0m] Reached target Remote File Systems.
         Starting LSB: Set the CPU Frequency Scaling governor to "ondemand"...
         Starting LSB: daemon to balance interrupts for SMP systems...
         Starting LSB: automatic crash report generation...
         Starting Permit User Sessions...
[[0;32m  OK  [0m] Started Permit User Sessions.
         Starting Hold until boot process finishes up...
         Starting Terminate Plymouth Boot Screen...
[[0;32m  OK  [0m] Started Hold until boot process finishes up.
[[0;32m  OK  [0m] Started Getty on tty1.
         Starting Set console scheme...
[[0;32m  OK  [0m] Started Serial Getty on ttyS0.
[[0;32m  OK  [0m] Reached target Login Prompts.
[[0;32m  OK  [0m] Started Terminate Plymouth Boot Screen.
[[0;32m  OK  [0m] Started Set console scheme.
[[0;32m  OK  [0m] Started Virtualbox guest utils.
[[0;32m  OK  [0m] Started Authenticate and Authorize Users to Run Privileged Tasks.
[[0;32m  OK  [0m] Started Accounts Service.
[[0;32m  OK  [0m] Started LSB: Set the CPU Frequency Scaling governor to "ondemand".
[[0;32m  OK  [0m] Started LSB: automatic crash report generation.
[[0;32m  OK  [0m] Started LSB: daemon to balance interrupts for SMP systems.
[[0;32m  OK  [0m] Started Snap Daemon.
         Starting Wait until snapd is fully seeded...
[[0;32m  OK  [0m] Started Pollinate to seed the pseudo random number generator.
         Starting OpenBSD Secure Shell server...
[[0;32m  OK  [0m] Started OpenBSD Secure Shell server.
[[0;32m  OK  [0m] Created slice User Slice of vagrant.
         Starting User Manager for UID 1000...
[[0;32m  OK  [0m] Started Session 1 of user vagrant.
[[0;32m  OK  [0m] Started User Manager for UID 1000.

Ubuntu 16.04.7 LTS ubuntu-xenial ttyS0

ubuntu-xenial login: [   17.387628] cloud-init[1623]: Generating locales (this might take a while)...
[   18.418656] cloud-init[1623]:   en_US.UTF-8... done
[   18.419339] cloud-init[1623]: Generation complete.
[   18.732615] cloud-init[1623]: Cloud-init v. 20.3-2-g371b392c-0ubuntu1~16.04.1 running 'modules:config' at Sat, 14 Nov 2020 14:17:37 +0000. Up 17.26 seconds.
ci-info: no authorized SSH keys fingerprints found for user ubuntu.
<14>Nov 14 14:17:39 ec2: 
<14>Nov 14 14:17:39 ec2: #############################################################
<14>Nov 14 14:17:39 ec2: -----BEGIN SSH HOST KEY FINGERPRINTS-----
<14>Nov 14 14:17:39 ec2: 1024 SHA256:qpITY3hjIWUX4IviVSXvV19+jjctit4zmshQLReo8xg root@ubuntu-xenial (DSA)
<14>Nov 14 14:17:39 ec2: 256 SHA256:zq/aEQ1jbuRsY773XHInwfenktrHDskB68ewD78dBi4 root@ubuntu-xenial (ECDSA)
<14>Nov 14 14:17:39 ec2: 256 SHA256:HH0JWKyilXbgop/xl1MStLFx5I7JQFaI0VVSsy7edHM root@ubuntu-xenial (ED25519)
<14>Nov 14 14:17:39 ec2: 2048 SHA256:9nJne0GloH8IPPHkqTyTE/3sdkHL3gKDH64BCshH71c root@ubuntu-xenial (RSA)
<14>Nov 14 14:17:39 ec2: -----END SSH HOST KEY FINGERPRINTS-----
<14>Nov 14 14:17:39 ec2: #############################################################
-----BEGIN SSH HOST KEY KEYS-----
ecdsa-sha2-nistp256 AAAAE2VjZHNhLXNoYTItbmlzdHAyNTYAAAAIbmlzdHAyNTYAAABBBG7RAwmbOkwpW8BXJKlQkZw6/mqAUF3P/60YTbRWHdK8dYUM/eQh1xoYJI7k+pQ/Bhez3b3BRN2B2fyJ54ZgpKw= root@ubuntu-xenial
ssh-ed25519 AAAAC3NzaC1lZDI1NTE5AAAAIC/66+QR4eh/9ZfbvnFER9ov2eqqAJQCtVU9KiH2/+3M root@ubuntu-xenial
ssh-rsa AAAAB3NzaC1yc2EAAAADAQABAAABAQDWVaZMNaB+twdyZunOkdXuaoWwtWL+jwtOMAOARag0nLSu0/TOJD0+xGjXzOlWQljywPyfQAR+JSO4Zlzt5TgIUTL/gkBySOKS5rWd67NAXPIytDqkMXQMXoG3Vx1z4zwwYxSIti8ut02noVzCoTDvo+dCUP+tosXLt+ppJwAb05LKp91U5baGwftXjAa06zEqquz0O/BeuDgQFrKYzoufpGvoyvQGxK3rKrZ49U+6N8yCoHrRzmMp4c/EyacSDmQt+zEF36Dz5sr9ML/AeIZQZRzppe29oWt8xy5SxcTWgF3JQRvO1KRYfwj4nhlPISJTJlZQO1LalN6Z7iiZYDDd root@ubuntu-xenial
-----END SSH HOST KEY KEYS-----
[   19.333752] cloud-init[1720]: Cloud-init v. 20.3-2-g371b392c-0ubuntu1~16.04.1 running 'modules:final' at Sat, 14 Nov 2020 14:17:39 +0000. Up 19.14 seconds.
[   19.333957] cloud-init[1720]: ci-info: no authorized SSH keys fingerprints found for user ubuntu.
[   19.334223] cloud-init[1720]: Cloud-init v. 20.3-2-g371b392c-0ubuntu1~16.04.1 finished at Sat, 14 Nov 2020 14:17:39 +0000. Datasource DataSourceNoCloud [seed=/dev/sdb][dsmode=net].  Up 19.32 seconds
